frontend/build/app/intermediates/manifest_merge_blame_file/release/manifest-merger-blame-release-report.txt
1<?xml version="1.0" encoding="utf-8"?>
2<manifest xmlns:android="http://schemas.android.com/apk/res/android"
3    package="it.unicam.sogniario"
4    android:versionCode="1"
5    android:versionName="1.0.0" >
6
7    <uses-sdk
8        android:minSdkVersion="21"
8-->src/main/AndroidManifest.xml
9        android:targetSdkVersion="33" />
9-->src/main/AndroidManifest.xml
10
11    <uses-permission android:name="android.permission.RECORD_AUDIO" />
11-->src/main/AndroidManifest.xml:2:5-70
11-->src/main/AndroidManifest.xml:2:22-68
12    <uses-permission android:name="android.permission.INTERNET" />
12-->src/main/AndroidManifest.xml:3:5-66
12-->src/main/AndroidManifest.xml:3:22-64
13    <uses-permission android:name="android.permission.BLUETOOTH" />
13-->src/main/AndroidManifest.xml:4:5-67
13-->src/main/AndroidManifest.xml:4:22-65
14    <uses-permission android:name="android.permission.BLUETOOTH_ADMIN" />
14-->src/main/AndroidManifest.xml:5:5-73
14-->src/main/AndroidManifest.xml:5:22-71
15    <uses-permission android:name="android.permission.BLUETOOTH_CONNECT" />
15-->src/main/AndroidManifest.xml:6:5-75
15-->src/main/AndroidManifest.xml:6:22-73
16    <uses-permission android:name="android.permission.WRITE_EXTERNAL_STORAGE" />
16-->src/main/AndroidManifest.xml:7:5-81
16-->src/main/AndroidManifest.xml:7:22-78
17    <uses-permission android:name="android.permission.READ_INTERNAL_STORAGE" />
17-->src/main/AndroidManifest.xml:8:5-80
17-->src/main/AndroidManifest.xml:8:22-77
18    <uses-permission android:name="android.permission.READ_EXTERNAL_STORAGE" />
18-->src/main/AndroidManifest.xml:9:5-79
18-->src/main/AndroidManifest.xml:9:22-77
19
20    <queries>
20-->src/main/AndroidManifest.xml:10:5-14:15
21        <intent>
21-->src/main/AndroidManifest.xml:11:9-13:18
22            <action android:name="android.speech.RecognitionService" />
22-->src/main/AndroidManifest.xml:12:13-72
22-->src/main/AndroidManifest.xml:12:21-69
23        </intent>
24    </queries>
25    <!--
26         Required to query activities that can process text, see:
27         https://developer.android.com/training/package-visibility?hl=en and
28         https://developer.android.com/reference/android/content/Intent#ACTION_PROCESS_TEXT.
29
30         In particular, this is used by the Flutter engine in io.flutter.plugin.text.ProcessTextPlugin.
31    -->
32    <queries>
32-->src/main/AndroidManifest.xml:10:5-14:15
33        <intent>
33-->src/main/AndroidManifest.xml:52:9-55:18
34            <action android:name="android.intent.action.PROCESS_TEXT" />
34-->src/main/AndroidManifest.xml:53:13-72
34-->src/main/AndroidManifest.xml:53:21-70
35
36            <data android:mimeType="text/plain" />
36-->src/main/AndroidManifest.xml:54:13-50
36-->src/main/AndroidManifest.xml:54:19-48
37        </intent>
38    </queries>
39
40    <uses-permission android:name="android.permission.ACCESS_NETWORK_STATE" />
40-->[:connectivity_plus] AndroidManifest.xml:9:5-79
40-->[:connectivity_plus] AndroidManifest.xml:9:22-76
41
42    <application
43        android:name="android.app.Application"
43-->src/main/AndroidManifest.xml:17:9-42
44        android:appComponentFactory="androidx.core.app.CoreComponentFactory"
44-->[androidx.core:core:1.6.0] AndroidManifest.xml:24:18-86
45        android:icon="@mipmap/launcher_icon"
45-->src/main/AndroidManifest.xml:18:9-45
46        android:label="sogniario" >
46-->src/main/AndroidManifest.xml:16:9-34
47        <activity
47-->src/main/AndroidManifest.xml:19:9-39:20
48            android:name="it.unicam.sogniario.MainActivity"
48-->src/main/AndroidManifest.xml:20:13-41
49            android:configChanges="orientation|keyboardHidden|keyboard|screenSize|smallestScreenSize|locale|layoutDirection|fontScale|screenLayout|density|uiMode"
49-->src/main/AndroidManifest.xml:24:13-163
50            android:exported="true"
50-->src/main/AndroidManifest.xml:21:13-36
51            android:hardwareAccelerated="true"
51-->src/main/AndroidManifest.xml:25:13-47
52            android:launchMode="singleTop"
52-->src/main/AndroidManifest.xml:22:13-43
53            android:theme="@style/LaunchTheme"
53-->src/main/AndroidManifest.xml:23:13-47
54            android:windowSoftInputMode="adjustResize" >
54-->src/main/AndroidManifest.xml:26:13-55
55
56            <!--
57                 Specifies an Android theme to apply to this Activity as soon as
58                 the Android process has started. This theme is visible to the user
59                 while the Flutter UI initializes. After that, this theme continues
60                 to determine the Window background behind the Flutter UI.
61            -->
62            <meta-data
62-->src/main/AndroidManifest.xml:31:13-34:17
63                android:name="io.flutter.embedding.android.NormalTheme"
63-->src/main/AndroidManifest.xml:32:15-70
64                android:resource="@style/NormalTheme" />
64-->src/main/AndroidManifest.xml:33:15-52
65
66            <intent-filter>
66-->src/main/AndroidManifest.xml:35:13-38:29
67                <action android:name="android.intent.action.MAIN" />
67-->src/main/AndroidManifest.xml:36:17-68
67-->src/main/AndroidManifest.xml:36:25-66
68
69                <category android:name="android.intent.category.LAUNCHER" />
69-->src/main/AndroidManifest.xml:37:17-76
69-->src/main/AndroidManifest.xml:37:27-74
70            </intent-filter>
71        </activity>
72        <!--
73             Don't delete the meta-data below.
74             This is used by the Flutter tool to generate GeneratedPluginRegistrant.java
75        -->
76        <meta-data
76-->src/main/AndroidManifest.xml:42:9-44:33
77            android:name="flutterEmbedding"
77-->src/main/AndroidManifest.xml:43:13-44
78            android:value="2" />
78-->src/main/AndroidManifest.xml:44:13-30
79
80        <uses-library
80-->[androidx.window:window:1.0.0-beta04] AndroidManifest.xml:25:9-27:40
81            android:name="androidx.window.extensions"
81-->[androidx.window:window:1.0.0-beta04] AndroidManifest.xml:26:13-54
82            android:required="false" />
82-->[androidx.window:window:1.0.0-beta04] AndroidManifest.xml:27:13-37
83        <uses-library
83-->[androidx.window:window:1.0.0-beta04] AndroidManifest.xml:28:9-30:40
84            android:name="androidx.window.sidecar"
84-->[androidx.window:window:1.0.0-beta04] AndroidManifest.xml:29:13-51
85            android:required="false" />
85-->[androidx.window:window:1.0.0-beta04] AndroidManifest.xml:30:13-37
86    </application>
87
88</manifest>